# JRE version: OpenJDK Runtime Environment (17.0.7) (build 17.0.7+0-b2043.56-10550314)
# Java VM: OpenJDK 64-Bit Server VM (17.0.7+0-b2043.56-10550314, mixed mode, tiered, compressed oops, compressed class ptrs, g1 gc, windows-amd64)
GC Precious Log:
 CPUs: 12 total, 12 available
 Memory: 7501M
 Large Page Support: Disabled
 NUMA Support: Disabled
 Compressed Oops: Enabled (32-bit)
 Heap Region Size: 1M
 Heap Min Capacity: 8M
 Heap Initial Capacity: 118M
 Heap Max Capacity: 2G
 Pre-touch: Disabled
 Parallel Workers: 10
 Concurrent Workers: 3
 Concurrent Refinement Workers: 10
 Periodic GC: Disabled
Heap:
 garbage-first heap   total 86016K, used 55153K [0x0000000080000000, 0x0000000100000000)
  region size 1024K, 9 young (9216K), 2 survivors (2048K)
 Metaspace       used 57117K, committed 57664K, reserved 1114112K
  class space    used 7721K, committed 8000K, reserved 1048576K
GC Heap History (20 events):
Event: 5.287 GC heap before
{Heap before GC invocations=10 (full 0):
 garbage-first heap   total 68608K, used 51949K [0x0000000080000000, 0x0000000100000000)
  region size 1024K, 29 young (29696K), 4 survivors (4096K)
 Metaspace       used 43056K, committed 43456K, reserved 1114112K
  class space    used 5785K, committed 5952K, reserved 1048576K
}
Event: 5.291 GC heap after
{Heap after GC invocations=11 (full 0):
 garbage-first heap   total 68608K, used 29957K [0x0000000080000000, 0x0000000100000000)
  region size 1024K, 3 young (3072K), 3 survivors (3072K)
 Metaspace       used 43056K, committed 43456K, reserved 1114112K
  class space    used 5785K, committed 5952K, reserved 1048576K
}
Event: 5.355 GC heap before
{Heap before GC invocations=11 (full 0):
 garbage-first heap   total 68608K, used 37125K [0x0000000080000000, 0x0000000100000000)
  region size 1024K, 9 young (9216K), 3 survivors (3072K)
 Metaspace       used 43478K, committed 43840K, reserved 1114112K
  class space    used 5831K, committed 6016K, reserved 1048576K
}
Event: 5.358 GC heap after
{Heap after GC invocations=12 (full 0):
 garbage-first heap   total 68608K, used 32320K [0x0000000080000000, 0x0000000100000000)
  region size 1024K, 1 young (1024K), 1 survivors (1024K)
 Metaspace       used 43478K, committed 43840K, reserved 1114112K
  class space    used 5831K, committed 6016K, reserved 1048576K
}
Event: 5.607 GC heap before
{Heap before GC invocations=13 (full 0):
 garbage-first heap   total 68608K, used 55872K [0x0000000080000000, 0x0000000100000000)
  region size 1024K, 22 young (22528K), 1 survivors (1024K)
 Metaspace       used 45680K, committed 46144K, reserved 1114112K
  class space    used 6078K, committed 6272K, reserved 1048576K
}
Event: 5.609 GC heap after
{Heap after GC invocations=14 (full 0):
 garbage-first heap   total 82944K, used 31136K [0x0000000080000000, 0x0000000100000000)
  region size 1024K, 2 young (2048K), 2 survivors (2048K)
 Metaspace       used 45680K, committed 46144K, reserved 1114112K
  class space    used 6078K, committed 6272K, reserved 1048576K
}
Event: 6.195 GC heap before
{Heap before GC invocations=14 (full 0):
 garbage-first heap   total 82944K, used 63904K [0x0000000080000000, 0x0000000100000000)
  region size 1024K, 34 young (34816K), 2 survivors (2048K)
 Metaspace       used 49284K, committed 49728K, reserved 1114112K
  class space    used 6657K, committed 6848K, reserved 1048576K
}
Event: 6.198 GC heap after
{Heap after GC invocations=15 (full 0):
 garbage-first heap   total 82944K, used 33164K [0x0000000080000000, 0x0000000100000000)
  region size 1024K, 4 young (4096K), 4 survivors (4096K)
 Metaspace       used 49284K, committed 49728K, reserved 1114112K
  class space    used 6657K, committed 6848K, reserved 1048576K
}
Event: 6.769 GC heap before
{Heap before GC invocations=15 (full 0):
 garbage-first heap   total 82944K, used 66956K [0x0000000080000000, 0x0000000100000000)
  region size 1024K, 35 young (35840K), 4 survivors (4096K)
 Metaspace       used 53607K, committed 54144K, reserved 1114112K
  class space    used 7259K, committed 7488K, reserved 1048576K
}
Event: 6.773 GC heap after
{Heap after GC invocations=16 (full 0):
 garbage-first heap   total 82944K, used 34766K [0x0000000080000000, 0x0000000100000000)
  region size 1024K, 4 young (4096K), 4 survivors (4096K)
 Metaspace       used 53607K, committed 54144K, reserved 1114112K
  class space    used 7259K, committed 7488K, reserved 1048576K
}
Event: 8.065 GC heap before
{Heap before GC invocations=16 (full 0):
 garbage-first heap   total 82944K, used 64462K [0x0000000080000000, 0x0000000100000000)
  region size 1024K, 34 young (34816K), 4 survivors (4096K)
 Metaspace       used 55946K, committed 56448K, reserved 1114112K
  class space    used 7572K, committed 7808K, reserved 1048576K
}
Event: 8.070 GC heap after
{Heap after GC invocations=17 (full 0):
 garbage-first heap   total 82944K, used 37880K [0x0000000080000000, 0x0000000100000000)
  region size 1024K, 5 young (5120K), 5 survivors (5120K)
 Metaspace       used 55946K, committed 56448K, reserved 1114112K
  class space    used 7572K, committed 7808K, reserved 1048576K
}
Event: 8.510 GC heap before
{Heap before GC invocations=17 (full 0):
 garbage-first heap   total 82944K, used 64504K [0x0000000080000000, 0x0000000100000000)
  region size 1024K, 32 young (32768K), 5 survivors (5120K)
 Metaspace       used 56453K, committed 57024K, reserved 1114112K
  class space    used 7619K, committed 7872K, reserved 1048576K
}
Event: 8.514 GC heap after
{Heap after GC invocations=18 (full 0):
 garbage-first heap   total 82944K, used 40283K [0x0000000080000000, 0x0000000100000000)
  region size 1024K, 3 young (3072K), 3 survivors (3072K)
 Metaspace       used 56453K, committed 57024K, reserved 1114112K
  class space    used 7619K, committed 7872K, reserved 1048576K
}
Event: 8.600 GC heap before
{Heap before GC invocations=18 (full 0):
 garbage-first heap   total 82944K, used 45403K [0x0000000080000000, 0x0000000100000000)
  region size 1024K, 9 young (9216K), 3 survivors (3072K)
 Metaspace       used 56615K, committed 57152K, reserved 1114112K
  class space    used 7646K, committed 7872K, reserved 1048576K
}
Event: 8.602 GC heap after
{Heap after GC invocations=19 (full 0):
 garbage-first heap   total 82944K, used 40895K [0x0000000080000000, 0x0000000100000000)
  region size 1024K, 1 young (1024K), 1 survivors (1024K)
 Metaspace       used 56615K, committed 57152K, reserved 1114112K
  class space    used 7646K, committed 7872K, reserved 1048576K
}
Event: 8.686 GC heap before
{Heap before GC invocations=20 (full 0):
 garbage-first heap   total 82944K, used 44991K [0x0000000080000000, 0x0000000100000000)
  region size 1024K, 4 young (4096K), 1 survivors (1024K)
 Metaspace       used 56693K, committed 57280K, reserved 1114112K
  class space    used 7657K, committed 7936K, reserved 1048576K
}
Event: 8.688 GC heap after
{Heap after GC invocations=21 (full 0):
 garbage-first heap   total 82944K, used 44007K [0x0000000080000000, 0x0000000100000000)
  region size 1024K, 2 young (2048K), 2 survivors (2048K)
 Metaspace       used 56693K, committed 57280K, reserved 1114112K
  class space    used 7657K, committed 7936K, reserved 1048576K
}
Event: 8.817 GC heap before
{Heap before GC invocations=22 (full 0):
 garbage-first heap   total 82944K, used 47079K [0x0000000080000000, 0x0000000100000000)
  region size 1024K, 6 young (6144K), 2 survivors (2048K)
 Metaspace       used 56703K, committed 57280K, reserved 1114112K
  class space    used 7657K, committed 7936K, reserved 1048576K
}
Event: 8.820 GC heap after
{Heap after GC invocations=23 (full 0):
 garbage-first heap   total 82944K, used 47985K [0x0000000080000000, 0x0000000100000000)
  region size 1024K, 2 young (2048K), 2 survivors (2048K)
 Metaspace       used 56703K, committed 57280K, reserved 1114112K
  class space    used 7657K, committed 7936K, reserved 1048576K
}

